<?xml version="1.0" encoding="UTF-8"?>
<!-- Generated by org.testng.reporters.JUnitXMLReporter -->
<testsuite hostname="LHTU05CG4472DYW" ignored="0" name="LoginTest" tests="8" failures="2" timestamp="2020-04-01T16:42:58 IST" time="200.467" errors="0">
  <testcase name="loginTest" time="3.393" classname="com.internetBanking.testcases.LoginTest"/>
  <testcase name="logindataproviderTest" time="7.352" classname="com.internetBanking.testcases.LoginTestDataDrivenTest"/>
  <testcase name="logindataproviderTest" time="7.761" classname="com.internetBanking.testcases.LoginTestDataDrivenTest"/>
  <testcase name="logindataproviderTest" time="6.994" classname="com.internetBanking.testcases.LoginTestDataDrivenTest">
    <failure type="java.lang.AssertionError" message="Title is mismatched expected [Guru99 Bank Manager HomePage] but found [Guru99 Bank Home Page]">
      <![CDATA[java.lang.AssertionError: Title is mismatched expected [Guru99 Bank Manager HomePage] but found [Guru99 Bank Home Page]
at com.internetBanking.testcases.LoginTestDataDrivenTest.logindataproviderTest(LoginTestDataDrivenTest.java:63)
at java.util.ArrayList.forEach(Unknown Source)
... Removed 31 stack frames]]>
    </failure>
  </testcase> <!-- logindataproviderTest -->
  <testcase name="logindataproviderTest" time="8.04" classname="com.internetBanking.testcases.LoginTestDataDrivenTest"/>
  <testcase name="logindataproviderTest" time="10.986" classname="com.internetBanking.testcases.LoginTestDataDrivenTest"/>
  <testcase name="newCustomerTest" time="27.068" classname="com.internetBanking.testcases.NewCustomerTest"/>
  <testcase name="editCustomerTest" time="6.402" classname="com.internetBanking.testcases.EditCustomerTest">
    <failure type="org.openqa.selenium.UnhandledAlertException" message="unexpected alert open: {Alert text : Customer does not exist!!}
  (Session info: chrome=80.0.3987.149): Customer does not exist!!
Build info: version: &amp;apos;4.0.0-alpha-3&amp;apos;, revision: &amp;apos;8c567de6dc&amp;apos;
System info: host: &amp;apos;LHTU05CG4472DYW&amp;apos;, ip: &amp;apos;10.21.226.136&amp;apos;, os.name: &amp;apos;Windows 10&amp;apos;, os.arch: &amp;apos;amd64&amp;apos;, os.version: &amp;apos;10.0&amp;apos;, java.version: &amp;apos;1.8.0_201&amp;apos;
Driver info: org.openqa.selenium.chrome.ChromeDriver
Capabilities {acceptInsecureCerts: true, browserName: chrome, browserVersion: 80.0.3987.149, chrome: {chromedriverVersion: 80.0.3987.106 (f68069574609..., userDataDir: C:\Users\da4\AppData\Local\...}, goog:chromeOptions: {debuggerAddress: localhost:62067}, javascriptEnabled: true, networkConnectionEnabled: false, pageLoadStrategy: normal, platform: WINDOWS, platformName: WINDOWS, proxy: Proxy(), setWindowRect: true, strictFileInteractability: false, timeouts: {implicit: 0, pageLoad: 300000, script: 30000}, unhandledPromptBehavior: dismiss and notify}
Session ID: 349f4928a9c9137d70f038babd88881e
*** Element info: {Using=xpath, value=//td[text()=&amp;apos;Address&amp;apos;]//following::textarea[1]}">
      <![CDATA[org.openqa.selenium.UnhandledAlertException: unexpected alert open: {Alert text : Customer does not exist!!}
  (Session info: chrome=80.0.3987.149): Customer does not exist!!
Build info: version: '4.0.0-alpha-3', revision: '8c567de6dc'
System info: host: 'LHTU05CG4472DYW', ip: '10.21.226.136', os.name: 'Windows 10', os.arch: 'amd64', os.version: '10.0', java.version: '1.8.0_201'
Driver info: org.openqa.selenium.chrome.ChromeDriver
Capabilities {acceptInsecureCerts: true, browserName: chrome, browserVersion: 80.0.3987.149, chrome: {chromedriverVersion: 80.0.3987.106 (f68069574609..., userDataDir: C:\Users\da4\AppData\Local\...}, goog:chromeOptions: {debuggerAddress: localhost:62067}, javascriptEnabled: true, networkConnectionEnabled: false, pageLoadStrategy: normal, platform: WINDOWS, platformName: WINDOWS, proxy: Proxy(), setWindowRect: true, strictFileInteractability: false, timeouts: {implicit: 0, pageLoad: 300000, script: 30000}, unhandledPromptBehavior: dismiss and notify}
Session ID: 349f4928a9c9137d70f038babd88881e
*** Element info: {Using=xpath, value=//td[text()='Address']//following::textarea[1]}
at org.openqa.selenium.remote.codec.w3c.W3CHttpResponseCodec.decode(W3CHttpResponseCodec.java:123)
at org.openqa.selenium.remote.codec.w3c.W3CHttpResponseCodec.decode(W3CHttpResponseCodec.java:52)
at org.openqa.selenium.remote.HttpCommandExecutor.execute(HttpCommandExecutor.java:161)
at org.openqa.selenium.remote.service.DriverCommandExecutor.execute(DriverCommandExecutor.java:83)
at org.openqa.selenium.remote.RemoteWebDriver.execute(RemoteWebDriver.java:576)
at org.openqa.selenium.remote.RemoteWebDriver.findElement(RemoteWebDriver.java:327)
at org.openqa.selenium.remote.RemoteWebDriver.findElementByXPath(RemoteWebDriver.java:445)
at org.openqa.selenium.By$ByXPath.findElement(By.java:396)
at org.openqa.selenium.remote.RemoteWebDriver.findElement(RemoteWebDriver.java:319)
at org.openqa.selenium.support.pagefactory.DefaultElementLocator.findElement(DefaultElementLocator.java:70)
at org.openqa.selenium.support.pagefactory.internal.LocatingElementHandler.invoke(LocatingElementHandler.java:39)
at com.sun.proxy.$Proxy13.clear(Unknown Source)
at com.internetBanking.pages.NewCustomer.clearAddress(NewCustomer.java:138)
at com.internetBanking.testcases.EditCustomerTest.editCustomerTest(EditCustomerTest.java:58)
at java.util.ArrayList.forEach(Unknown Source)
... Removed 27 stack frames]]>
    </failure>
  </testcase> <!-- editCustomerTest -->
</testsuite> <!-- LoginTest -->
