<?xml version="1.0" encoding="UTF-8"?>
<testng-results ignored="0" total="7" passed="5" failed="2" skipped="0">
  <reporter-output>
  </reporter-output>
  <suite started-at="2019-12-29T09:27:14 IST" name="Suite" finished-at="2019-12-29T09:30:19 IST" duration-ms="185017">
    <groups>
    </groups>
    <test started-at="2019-12-29T09:27:14 IST" name="Test" finished-at="2019-12-29T09:30:19 IST" duration-ms="185017">
      <class name="com.internetBanking.testcases.LoginTest">
        <test-method is-config="true" signature="creatingReport()[pri:0, instance:com.internetBanking.testcases.LoginTest@20d3d15a]" started-at="2019-12-29T09:27:14 IST" name="creatingReport" finished-at="2019-12-29T09:27:14 IST" duration-ms="882" status="PASS">
          <reporter-output>
          </reporter-output>
        </test-method> <!-- creatingReport -->
        <test-method is-config="true" signature="setup()[pri:0, instance:com.internetBanking.testcases.LoginTest@20d3d15a]" started-at="2019-12-29T09:27:14 IST" name="setup" finished-at="2019-12-29T09:28:03 IST" duration-ms="48599" status="PASS">
          <reporter-output>
          </reporter-output>
        </test-method> <!-- setup -->
        <test-method signature="loginTest()[pri:0, instance:com.internetBanking.testcases.LoginTest@20d3d15a]" started-at="2019-12-29T09:28:03 IST" name="loginTest" finished-at="2019-12-29T09:28:27 IST" duration-ms="24125" status="PASS">
          <reporter-output>
          </reporter-output>
        </test-method> <!-- loginTest -->
        <test-method is-config="true" signature="tearDown()[pri:0, instance:com.internetBanking.testcases.LoginTest@20d3d15a]" started-at="2019-12-29T09:28:27 IST" name="tearDown" finished-at="2019-12-29T09:28:28 IST" duration-ms="1093" status="PASS">
          <reporter-output>
          </reporter-output>
        </test-method> <!-- tearDown -->
        <test-method is-config="true" signature="flushingReport()[pri:0, instance:com.internetBanking.testcases.LoginTest@20d3d15a]" started-at="2019-12-29T09:30:20 IST" name="flushingReport" finished-at="2019-12-29T09:30:21 IST" duration-ms="1115" status="PASS">
          <reporter-output>
          </reporter-output>
        </test-method> <!-- flushingReport -->
      </class> <!-- com.internetBanking.testcases.LoginTest -->
      <class name="com.internetBanking.testcases.LoginTestDataDrivenTest">
        <test-method is-config="true" signature="setup()[pri:0, instance:com.internetBanking.testcases.LoginTestDataDrivenTest@2893de87]" started-at="2019-12-29T09:28:28 IST" name="setup" finished-at="2019-12-29T09:28:51 IST" duration-ms="22430" status="PASS">
          <reporter-output>
          </reporter-output>
        </test-method> <!-- setup -->
        <test-method signature="logindataproviderTest(java.lang.String, java.lang.String)[pri:0, instance:com.internetBanking.testcases.LoginTestDataDrivenTest@2893de87]" started-at="2019-12-29T09:28:58 IST" name="logindataproviderTest" data-provider="LoginData" finished-at="2019-12-29T09:29:04 IST" duration-ms="5691" status="FAIL">
          <params>
            <param index="0">
              <value>
                <![CDATA[mngr238114 ]]>
              </value>
            </param>
            <param index="1">
              <value>
                <![CDATA[ yrAqebE]]>
              </value>
            </param>
          </params>
          <exception class="java.lang.AssertionError">
            <message>
              <![CDATA[Title is mismatched expected [Guru99 Bank Manager HomePage] but found [Guru99 Bank Home Page]]]>
            </message>
            <full-stacktrace>
              <![CDATA[java.lang.AssertionError: Title is mismatched expected [Guru99 Bank Manager HomePage] but found [Guru99 Bank Home Page]
at org.testng.Assert.fail(Assert.java:97)
at org.testng.Assert.assertEqualsImpl(Assert.java:136)
at org.testng.Assert.assertEquals(Assert.java:118)
at org.testng.Assert.assertEquals(Assert.java:575)
at com.internetBanking.testcases.LoginTestDataDrivenTest.logindataproviderTest(LoginTestDataDrivenTest.java:53)
at java.base/jdk.internal.reflect.NativeMethodAccessorImpl.invoke0(Native Method)
at java.base/jdk.internal.reflect.NativeMethodAccessorImpl.invoke(NativeMethodAccessorImpl.java:62)
at java.base/jdk.internal.reflect.DelegatingMethodAccessorImpl.invoke(DelegatingMethodAccessorImpl.java:43)
at java.base/java.lang.reflect.Method.invoke(Method.java:567)
at org.testng.internal.MethodInvocationHelper.invokeMethod(MethodInvocationHelper.java:133)
at org.testng.internal.TestInvoker.invokeMethod(TestInvoker.java:584)
at org.testng.internal.TestInvoker.invokeTestMethod(TestInvoker.java:172)
at org.testng.internal.MethodRunner.runInSequence(MethodRunner.java:46)
at org.testng.internal.TestInvoker$MethodInvocationAgent.invoke(TestInvoker.java:804)
at org.testng.internal.TestInvoker.invokeTestMethods(TestInvoker.java:145)
at org.testng.internal.TestMethodWorker.invokeTestMethods(TestMethodWorker.java:146)
at org.testng.internal.TestMethodWorker.run(TestMethodWorker.java:128)
at java.base/java.util.ArrayList.forEach(ArrayList.java:1540)
at org.testng.TestRunner.privateRun(TestRunner.java:770)
at org.testng.TestRunner.run(TestRunner.java:591)
at org.testng.SuiteRunner.runTest(SuiteRunner.java:402)
at org.testng.SuiteRunner.runSequentially(SuiteRunner.java:396)
at org.testng.SuiteRunner.privateRun(SuiteRunner.java:355)
at org.testng.SuiteRunner.run(SuiteRunner.java:304)
at org.testng.SuiteRunnerWorker.runSuite(SuiteRunnerWorker.java:53)
at org.testng.SuiteRunnerWorker.run(SuiteRunnerWorker.java:96)
at org.testng.TestNG.runSuitesSequentially(TestNG.java:1180)
at org.testng.TestNG.runSuitesLocally(TestNG.java:1102)
at org.testng.TestNG.runSuites(TestNG.java:1032)
at org.testng.TestNG.run(TestNG.java:1000)
at org.apache.maven.surefire.testng.TestNGExecutor.run(TestNGExecutor.java:283)
at org.apache.maven.surefire.testng.TestNGXmlTestSuite.execute(TestNGXmlTestSuite.java:75)
at org.apache.maven.surefire.testng.TestNGProvider.invoke(TestNGProvider.java:120)
at org.apache.maven.surefire.booter.ForkedBooter.invokeProviderInSameClassLoader(ForkedBooter.java:384)
at org.apache.maven.surefire.booter.ForkedBooter.runSuitesInProcess(ForkedBooter.java:345)
at org.apache.maven.surefire.booter.ForkedBooter.execute(ForkedBooter.java:126)
at org.apache.maven.surefire.booter.ForkedBooter.main(ForkedBooter.java:418)
]]>
            </full-stacktrace>
          </exception> <!-- java.lang.AssertionError -->
          <reporter-output>
          </reporter-output>
        </test-method> <!-- logindataproviderTest -->
        <test-method signature="logindataproviderTest(java.lang.String, java.lang.String)[pri:0, instance:com.internetBanking.testcases.LoginTestDataDrivenTest@2893de87]" started-at="2019-12-29T09:29:05 IST" name="logindataproviderTest" data-provider="LoginData" finished-at="2019-12-29T09:29:13 IST" duration-ms="8165" status="PASS">
          <params>
            <param index="0">
              <value>
                <![CDATA[mngr239667]]>
              </value>
            </param>
            <param index="1">
              <value>
                <![CDATA[sygavAr]]>
              </value>
            </param>
          </params>
          <reporter-output>
          </reporter-output>
        </test-method> <!-- logindataproviderTest -->
        <test-method signature="logindataproviderTest(java.lang.String, java.lang.String)[pri:0, instance:com.internetBanking.testcases.LoginTestDataDrivenTest@2893de87]" started-at="2019-12-29T09:29:13 IST" name="logindataproviderTest" data-provider="LoginData" finished-at="2019-12-29T09:29:21 IST" duration-ms="8773" status="PASS">
          <params>
            <param index="0">
              <value>
                <![CDATA[mngr239668]]>
              </value>
            </param>
            <param index="1">
              <value>
                <![CDATA[jYsebuv]]>
              </value>
            </param>
          </params>
          <reporter-output>
          </reporter-output>
        </test-method> <!-- logindataproviderTest -->
        <test-method signature="logindataproviderTest(java.lang.String, java.lang.String)[pri:0, instance:com.internetBanking.testcases.LoginTestDataDrivenTest@2893de87]" started-at="2019-12-29T09:29:21 IST" name="logindataproviderTest" data-provider="LoginData" finished-at="2019-12-29T09:29:27 IST" duration-ms="5824" status="FAIL">
          <params>
            <param index="0">
              <value>
                <![CDATA[mngr239669]]>
              </value>
            </param>
            <param index="1">
              <value>
                <![CDATA[jEnunUma]]>
              </value>
            </param>
          </params>
          <exception class="java.lang.AssertionError">
            <message>
              <![CDATA[Title is mismatched expected [Guru99 Bank Manager HomePage] but found [Guru99 Bank Home Page]]]>
            </message>
            <full-stacktrace>
              <![CDATA[java.lang.AssertionError: Title is mismatched expected [Guru99 Bank Manager HomePage] but found [Guru99 Bank Home Page]
at org.testng.Assert.fail(Assert.java:97)
at org.testng.Assert.assertEqualsImpl(Assert.java:136)
at org.testng.Assert.assertEquals(Assert.java:118)
at org.testng.Assert.assertEquals(Assert.java:575)
at com.internetBanking.testcases.LoginTestDataDrivenTest.logindataproviderTest(LoginTestDataDrivenTest.java:53)
at java.base/jdk.internal.reflect.NativeMethodAccessorImpl.invoke0(Native Method)
at java.base/jdk.internal.reflect.NativeMethodAccessorImpl.invoke(NativeMethodAccessorImpl.java:62)
at java.base/jdk.internal.reflect.DelegatingMethodAccessorImpl.invoke(DelegatingMethodAccessorImpl.java:43)
at java.base/java.lang.reflect.Method.invoke(Method.java:567)
at org.testng.internal.MethodInvocationHelper.invokeMethod(MethodInvocationHelper.java:133)
at org.testng.internal.TestInvoker.invokeMethod(TestInvoker.java:584)
at org.testng.internal.TestInvoker.invokeTestMethod(TestInvoker.java:172)
at org.testng.internal.MethodRunner.runInSequence(MethodRunner.java:46)
at org.testng.internal.TestInvoker$MethodInvocationAgent.invoke(TestInvoker.java:804)
at org.testng.internal.TestInvoker.invokeTestMethods(TestInvoker.java:145)
at org.testng.internal.TestMethodWorker.invokeTestMethods(TestMethodWorker.java:146)
at org.testng.internal.TestMethodWorker.run(TestMethodWorker.java:128)
at java.base/java.util.ArrayList.forEach(ArrayList.java:1540)
at org.testng.TestRunner.privateRun(TestRunner.java:770)
at org.testng.TestRunner.run(TestRunner.java:591)
at org.testng.SuiteRunner.runTest(SuiteRunner.java:402)
at org.testng.SuiteRunner.runSequentially(SuiteRunner.java:396)
at org.testng.SuiteRunner.privateRun(SuiteRunner.java:355)
at org.testng.SuiteRunner.run(SuiteRunner.java:304)
at org.testng.SuiteRunnerWorker.runSuite(SuiteRunnerWorker.java:53)
at org.testng.SuiteRunnerWorker.run(SuiteRunnerWorker.java:96)
at org.testng.TestNG.runSuitesSequentially(TestNG.java:1180)
at org.testng.TestNG.runSuitesLocally(TestNG.java:1102)
at org.testng.TestNG.runSuites(TestNG.java:1032)
at org.testng.TestNG.run(TestNG.java:1000)
at org.apache.maven.surefire.testng.TestNGExecutor.run(TestNGExecutor.java:283)
at org.apache.maven.surefire.testng.TestNGXmlTestSuite.execute(TestNGXmlTestSuite.java:75)
at org.apache.maven.surefire.testng.TestNGProvider.invoke(TestNGProvider.java:120)
at org.apache.maven.surefire.booter.ForkedBooter.invokeProviderInSameClassLoader(ForkedBooter.java:384)
at org.apache.maven.surefire.booter.ForkedBooter.runSuitesInProcess(ForkedBooter.java:345)
at org.apache.maven.surefire.booter.ForkedBooter.execute(ForkedBooter.java:126)
at org.apache.maven.surefire.booter.ForkedBooter.main(ForkedBooter.java:418)
]]>
            </full-stacktrace>
          </exception> <!-- java.lang.AssertionError -->
          <reporter-output>
          </reporter-output>
        </test-method> <!-- logindataproviderTest -->
        <test-method signature="logindataproviderTest(java.lang.String, java.lang.String)[pri:0, instance:com.internetBanking.testcases.LoginTestDataDrivenTest@2893de87]" started-at="2019-12-29T09:29:28 IST" name="logindataproviderTest" data-provider="LoginData" finished-at="2019-12-29T09:29:33 IST" duration-ms="5398" status="PASS">
          <params>
            <param index="0">
              <value>
                <![CDATA[mngr239670]]>
              </value>
            </param>
            <param index="1">
              <value>
                <![CDATA[qaqAgaj]]>
              </value>
            </param>
          </params>
          <reporter-output>
          </reporter-output>
        </test-method> <!-- logindataproviderTest -->
        <test-method is-config="true" signature="closeBrowser()[pri:0, instance:com.internetBanking.testcases.LoginTestDataDrivenTest@2893de87]" started-at="2019-12-29T09:29:33 IST" name="closeBrowser" finished-at="2019-12-29T09:29:34 IST" duration-ms="615" status="PASS">
          <reporter-output>
          </reporter-output>
        </test-method> <!-- closeBrowser -->
      </class> <!-- com.internetBanking.testcases.LoginTestDataDrivenTest -->
      <class name="com.internetBanking.testcases.NewCustomerTest">
        <test-method is-config="true" signature="setup()[pri:0, instance:com.internetBanking.testcases.NewCustomerTest@55ca8de8]" started-at="2019-12-29T09:29:34 IST" name="setup" finished-at="2019-12-29T09:29:48 IST" duration-ms="14767" status="PASS">
          <reporter-output>
          </reporter-output>
        </test-method> <!-- setup -->
        <test-method signature="newCustomerTest()[pri:0, instance:com.internetBanking.testcases.NewCustomerTest@55ca8de8]" started-at="2019-12-29T09:29:48 IST" name="newCustomerTest" finished-at="2019-12-29T09:30:19 IST" duration-ms="30676" status="PASS">
          <reporter-output>
          </reporter-output>
        </test-method> <!-- newCustomerTest -->
        <test-method is-config="true" signature="closeBrowser()[pri:0, instance:com.internetBanking.testcases.NewCustomerTest@55ca8de8]" started-at="2019-12-29T09:30:19 IST" name="closeBrowser" finished-at="2019-12-29T09:30:19 IST" duration-ms="291" status="PASS">
          <reporter-output>
          </reporter-output>
        </test-method> <!-- closeBrowser -->
      </class> <!-- com.internetBanking.testcases.NewCustomerTest -->
    </test> <!-- Test -->
  </suite> <!-- Suite -->
</testng-results>
